The system is: Linux - 4.4.0-130-generic - x86_64
Compiling the C compiler identification source file "CMakeCCompilerId.c" succeeded.
Compiler: /usr/bin/cc 
Build flags: 
Id flags: 

The output was:
0


Compilation of the C compiler identification source "CMakeCCompilerId.c" produced "a.out"

The C compiler identification is GNU, found in "/home/a/NAUDIT/pruebas/dependencies/netlib/build/CMakeFiles/3.5.1/CompilerIdC/a.out"

Compiling the CXX compiler identification source file "CMakeCXXCompilerId.cpp" succeeded.
Compiler: /usr/bin/c++ 
Build flags: 
Id flags: 

The output was:
0


Compilation of the CXX compiler identification source "CMakeCXXCompilerId.cpp" produced "a.out"

The CXX compiler identification is GNU, found in "/home/a/NAUDIT/pruebas/dependencies/netlib/build/CMakeFiles/3.5.1/CompilerIdCXX/a.out"

Determining if the C compiler works passed with the following output:
Change Dir: /home/a/NAUDIT/pruebas/dependencies/netlib/build/CMakeFiles/CMakeTmp

Run Build Command:"/usr/bin/make" "cmTC_4c749/fast"
make[1]: se entra en el directorio '/home/a/NAUDIT/pruebas/dependencies/netlib/build/CMakeFiles/CMakeTmp'
/usr/bin/make -f CMakeFiles/cmTC_4c749.dir/build.make CMakeFiles/cmTC_4c749.dir/build
make[2]: se entra en el directorio '/home/a/NAUDIT/pruebas/dependencies/netlib/build/CMakeFiles/CMakeTmp'
Building C object CMakeFiles/cmTC_4c749.dir/testCCompiler.c.o
/usr/bin/cc     -o CMakeFiles/cmTC_4c749.dir/testCCompiler.c.o   -c /home/a/NAUDIT/pruebas/dependencies/netlib/build/CMakeFiles/CMakeTmp/testCCompiler.c
Linking C executable cmTC_4c749
/usr/bin/cmake -E cmake_link_script CMakeFiles/cmTC_4c749.dir/link.txt --verbose=1
/usr/bin/cc       CMakeFiles/cmTC_4c749.dir/testCCompiler.c.o  -o cmTC_4c749 -rdynamic 
make[2]: se sale del directorio '/home/a/NAUDIT/pruebas/dependencies/netlib/build/CMakeFiles/CMakeTmp'
make[1]: se sale del directorio '/home/a/NAUDIT/pruebas/dependencies/netlib/build/CMakeFiles/CMakeTmp'


Detecting C compiler ABI info compiled with the following output:
Change Dir: /home/a/NAUDIT/pruebas/dependencies/netlib/build/CMakeFiles/CMakeTmp

Run Build Command:"/usr/bin/make" "cmTC_4dfea/fast"
make[1]: se entra en el directorio '/home/a/NAUDIT/pruebas/dependencies/netlib/build/CMakeFiles/CMakeTmp'
/usr/bin/make -f CMakeFiles/cmTC_4dfea.dir/build.make CMakeFiles/cmTC_4dfea.dir/build
make[2]: se entra en el directorio '/home/a/NAUDIT/pruebas/dependencies/netlib/build/CMakeFiles/CMakeTmp'
Building C object CMakeFiles/cmTC_4dfea.dir/CMakeCCompilerABI.c.o
/usr/bin/cc     -o CMakeFiles/cmTC_4dfea.dir/CMakeCCompilerABI.c.o   -c /usr/share/cmake-3.5/Modules/CMakeCCompilerABI.c
Linking C executable cmTC_4dfea
/usr/bin/cmake -E cmake_link_script CMakeFiles/cmTC_4dfea.dir/link.txt --verbose=1
/usr/bin/cc      -v CMakeFiles/cmTC_4dfea.dir/CMakeCCompilerABI.c.o  -o cmTC_4dfea -rdynamic  
Using built-in specs.
COLLECT_GCC=/usr/bin/cc
COLLECT_LTO_WRAPPER=/usr/lib/gcc/x86_64-linux-gnu/5/lto-wrapper
Target: x86_64-linux-gnu
Configured with: ../src/configure -v --with-pkgversion='Ubuntu 5.4.0-6ubuntu1~16.04.10' --with-bugurl=file:///usr/share/doc/gcc-5/README.Bugs --enable-languages=c,ada,c++,java,go,d,fortran,objc,obj-c++ --prefix=/usr --program-suffix=-5 --enable-shared --enable-linker-build-id --libexecdir=/usr/lib --without-included-gettext --enable-threads=posix --libdir=/usr/lib --enable-nls --with-sysroot=/ --enable-clocale=gnu --enable-libstdcxx-debug --enable-libstdcxx-time=yes --with-default-libstdcxx-abi=new --enable-gnu-unique-object --disable-vtable-verify --enable-libmpx --enable-plugin --with-system-zlib --disable-browser-plugin --enable-java-awt=gtk --enable-gtk-cairo --with-java-home=/usr/lib/jvm/java-1.5.0-gcj-5-amd64/jre --enable-java-home --with-jvm-root-dir=/usr/lib/jvm/java-1.5.0-gcj-5-amd64 --with-jvm-jar-dir=/usr/lib/jvm-exports/java-1.5.0-gcj-5-amd64 --with-arch-directory=amd64 --with-ecj-jar=/usr/share/java/eclipse-ecj.jar --enable-objc-gc --enable-multiarch --disable-werror --with-arch-32=i686 --with-abi=m64 --with-multilib-list=m32,m64,mx32 --enable-multilib --with-tune=generic --enable-checking=release --build=x86_64-linux-gnu --host=x86_64-linux-gnu --target=x86_64-linux-gnu
Thread model: posix
gcc version 5.4.0 20160609 (Ubuntu 5.4.0-6ubuntu1~16.04.10) 
COMPILER_PATH=/usr/lib/gcc/x86_64-linux-gnu/5/:/usr/lib/gcc/x86_64-linux-gnu/5/:/usr/lib/gcc/x86_64-linux-gnu/:/usr/lib/gcc/x86_64-linux-gnu/5/:/usr/lib/gcc/x86_64-linux-gnu/
LIBRARY_PATH=/usr/lib/gcc/x86_64-linux-gnu/5/:/usr/lib/gcc/x86_64-linux-gnu/5/../../../x86_64-linux-gnu/:/usr/lib/gcc/x86_64-linux-gnu/5/../../../../lib/:/lib/x86_64-linux-gnu/:/lib/../lib/:/usr/lib/x86_64-linux-gnu/:/usr/lib/../lib/:/usr/lib/gcc/x86_64-linux-gnu/5/../../../:/lib/:/usr/lib/
COLLECT_GCC_OPTIONS='-v' '-o' 'cmTC_4dfea' '-rdynamic' '-mtune=generic' '-march=x86-64'
 /usr/lib/gcc/x86_64-linux-gnu/5/collect2 -plugin /usr/lib/gcc/x86_64-linux-gnu/5/liblto_plugin.so -plugin-opt=/usr/lib/gcc/x86_64-linux-gnu/5/lto-wrapper -plugin-opt=-fresolution=/tmp/cctRMnCE.res -plugin-opt=-pass-through=-lgcc -plugin-opt=-pass-through=-lgcc_s -plugin-opt=-pass-through=-lc -plugin-opt=-pass-through=-lgcc -plugin-opt=-pass-through=-lgcc_s --sysroot=/ --build-id --eh-frame-hdr -m elf_x86_64 --hash-style=gnu --as-needed -export-dynamic -dynamic-linker /lib64/ld-linux-x86-64.so.2 -z relro -o cmTC_4dfea /usr/lib/gcc/x86_64-linux-gnu/5/../../../x86_64-linux-gnu/crt1.o /usr/lib/gcc/x86_64-linux-gnu/5/../../../x86_64-linux-gnu/crti.o /usr/lib/gcc/x86_64-linux-gnu/5/crtbegin.o -L/usr/lib/gcc/x86_64-linux-gnu/5 -L/usr/lib/gcc/x86_64-linux-gnu/5/../../../x86_64-linux-gnu -L/usr/lib/gcc/x86_64-linux-gnu/5/../../../../lib -L/lib/x86_64-linux-gnu -L/lib/../lib -L/usr/lib/x86_64-linux-gnu -L/usr/lib/../lib -L/usr/lib/gcc/x86_64-linux-gnu/5/../../.. CMakeFiles/cmTC_4dfea.dir/CMakeCCompilerABI.c.o -lgcc --as-needed -lgcc_s --no-as-needed -lc -lgcc --as-needed -lgcc_s --no-as-needed /usr/lib/gcc/x86_64-linux-gnu/5/crtend.o /usr/lib/gcc/x86_64-linux-gnu/5/../../../x86_64-linux-gnu/crtn.o
make[2]: se sale del directorio '/home/a/NAUDIT/pruebas/dependencies/netlib/build/CMakeFiles/CMakeTmp'
make[1]: se sale del directorio '/home/a/NAUDIT/pruebas/dependencies/netlib/build/CMakeFiles/CMakeTmp'


Parsed C implicit link information from above output:
  link line regex: [^( *|.*[/\])(ld|([^/\]+-)?ld|collect2)[^/\]*( |$)]
  ignore line: [Change Dir: /home/a/NAUDIT/pruebas/dependencies/netlib/build/CMakeFiles/CMakeTmp]
  ignore line: []
  ignore line: [Run Build Command:"/usr/bin/make" "cmTC_4dfea/fast"]
  ignore line: [make[1]: se entra en el directorio '/home/a/NAUDIT/pruebas/dependencies/netlib/build/CMakeFiles/CMakeTmp']
  ignore line: [/usr/bin/make -f CMakeFiles/cmTC_4dfea.dir/build.make CMakeFiles/cmTC_4dfea.dir/build]
  ignore line: [make[2]: se entra en el directorio '/home/a/NAUDIT/pruebas/dependencies/netlib/build/CMakeFiles/CMakeTmp']
  ignore line: [Building C object CMakeFiles/cmTC_4dfea.dir/CMakeCCompilerABI.c.o]
  ignore line: [/usr/bin/cc     -o CMakeFiles/cmTC_4dfea.dir/CMakeCCompilerABI.c.o   -c /usr/share/cmake-3.5/Modules/CMakeCCompilerABI.c]
  ignore line: [Linking C executable cmTC_4dfea]
  ignore line: [/usr/bin/cmake -E cmake_link_script CMakeFiles/cmTC_4dfea.dir/link.txt --verbose=1]
  ignore line: [/usr/bin/cc      -v CMakeFiles/cmTC_4dfea.dir/CMakeCCompilerABI.c.o  -o cmTC_4dfea -rdynamic  ]
  ignore line: [Using built-in specs.]
  ignore line: [COLLECT_GCC=/usr/bin/cc]
  ignore line: [COLLECT_LTO_WRAPPER=/usr/lib/gcc/x86_64-linux-gnu/5/lto-wrapper]
  ignore line: [Target: x86_64-linux-gnu]
  ignore line: [Configured with: ../src/configure -v --with-pkgversion='Ubuntu 5.4.0-6ubuntu1~16.04.10' --with-bugurl=file:///usr/share/doc/gcc-5/README.Bugs --enable-languages=c,ada,c++,java,go,d,fortran,objc,obj-c++ --prefix=/usr --program-suffix=-5 --enable-shared --enable-linker-build-id --libexecdir=/usr/lib --without-included-gettext --enable-threads=posix --libdir=/usr/lib --enable-nls --with-sysroot=/ --enable-clocale=gnu --enable-libstdcxx-debug --enable-libstdcxx-time=yes --with-default-libstdcxx-abi=new --enable-gnu-unique-object --disable-vtable-verify --enable-libmpx --enable-plugin --with-system-zlib --disable-browser-plugin --enable-java-awt=gtk --enable-gtk-cairo --with-java-home=/usr/lib/jvm/java-1.5.0-gcj-5-amd64/jre --enable-java-home --with-jvm-root-dir=/usr/lib/jvm/java-1.5.0-gcj-5-amd64 --with-jvm-jar-dir=/usr/lib/jvm-exports/java-1.5.0-gcj-5-amd64 --with-arch-directory=amd64 --with-ecj-jar=/usr/share/java/eclipse-ecj.jar --enable-objc-gc --enable-multiarch --disable-werror --with-arch-32=i686 --with-abi=m64 --with-multilib-list=m32,m64,mx32 --enable-multilib --with-tune=generic --enable-checking=release --build=x86_64-linux-gnu --host=x86_64-linux-gnu --target=x86_64-linux-gnu]
  ignore line: [Thread model: posix]
  ignore line: [gcc version 5.4.0 20160609 (Ubuntu 5.4.0-6ubuntu1~16.04.10) ]
  ignore line: [COMPILER_PATH=/usr/lib/gcc/x86_64-linux-gnu/5/:/usr/lib/gcc/x86_64-linux-gnu/5/:/usr/lib/gcc/x86_64-linux-gnu/:/usr/lib/gcc/x86_64-linux-gnu/5/:/usr/lib/gcc/x86_64-linux-gnu/]
  ignore line: [LIBRARY_PATH=/usr/lib/gcc/x86_64-linux-gnu/5/:/usr/lib/gcc/x86_64-linux-gnu/5/../../../x86_64-linux-gnu/:/usr/lib/gcc/x86_64-linux-gnu/5/../../../../lib/:/lib/x86_64-linux-gnu/:/lib/../lib/:/usr/lib/x86_64-linux-gnu/:/usr/lib/../lib/:/usr/lib/gcc/x86_64-linux-gnu/5/../../../:/lib/:/usr/lib/]
  ignore line: [COLLECT_GCC_OPTIONS='-v' '-o' 'cmTC_4dfea' '-rdynamic' '-mtune=generic' '-march=x86-64']
  link line: [ /usr/lib/gcc/x86_64-linux-gnu/5/collect2 -plugin /usr/lib/gcc/x86_64-linux-gnu/5/liblto_plugin.so -plugin-opt=/usr/lib/gcc/x86_64-linux-gnu/5/lto-wrapper -plugin-opt=-fresolution=/tmp/cctRMnCE.res -plugin-opt=-pass-through=-lgcc -plugin-opt=-pass-through=-lgcc_s -plugin-opt=-pass-through=-lc -plugin-opt=-pass-through=-lgcc -plugin-opt=-pass-through=-lgcc_s --sysroot=/ --build-id --eh-frame-hdr -m elf_x86_64 --hash-style=gnu --as-needed -export-dynamic -dynamic-linker /lib64/ld-linux-x86-64.so.2 -z relro -o cmTC_4dfea /usr/lib/gcc/x86_64-linux-gnu/5/../../../x86_64-linux-gnu/crt1.o /usr/lib/gcc/x86_64-linux-gnu/5/../../../x86_64-linux-gnu/crti.o /usr/lib/gcc/x86_64-linux-gnu/5/crtbegin.o -L/usr/lib/gcc/x86_64-linux-gnu/5 -L/usr/lib/gcc/x86_64-linux-gnu/5/../../../x86_64-linux-gnu -L/usr/lib/gcc/x86_64-linux-gnu/5/../../../../lib -L/lib/x86_64-linux-gnu -L/lib/../lib -L/usr/lib/x86_64-linux-gnu -L/usr/lib/../lib -L/usr/lib/gcc/x86_64-linux-gnu/5/../../.. CMakeFiles/cmTC_4dfea.dir/CMakeCCompilerABI.c.o -lgcc --as-needed -lgcc_s --no-as-needed -lc -lgcc --as-needed -lgcc_s --no-as-needed /usr/lib/gcc/x86_64-linux-gnu/5/crtend.o /usr/lib/gcc/x86_64-linux-gnu/5/../../../x86_64-linux-gnu/crtn.o]
    arg [/usr/lib/gcc/x86_64-linux-gnu/5/collect2] ==> ignore
    arg [-plugin] ==> ignore
    arg [/usr/lib/gcc/x86_64-linux-gnu/5/liblto_plugin.so] ==> ignore
    arg [-plugin-opt=/usr/lib/gcc/x86_64-linux-gnu/5/lto-wrapper] ==> ignore
    arg [-plugin-opt=-fresolution=/tmp/cctRMnCE.res] ==> ignore
    arg [-plugin-opt=-pass-through=-lgcc] ==> ignore
    arg [-plugin-opt=-pass-through=-lgcc_s] ==> ignore
    arg [-plugin-opt=-pass-through=-lc] ==> ignore
    arg [-plugin-opt=-pass-through=-lgcc] ==> ignore
    arg [-plugin-opt=-pass-through=-lgcc_s] ==> ignore
    arg [--sysroot=/] ==> ignore
    arg [--build-id] ==> ignore
    arg [--eh-frame-hdr] ==> ignore
    arg [-m] ==> ignore
    arg [elf_x86_64] ==> ignore
    arg [--hash-style=gnu] ==> ignore
    arg [--as-needed] ==> ignore
    arg [-export-dynamic] ==> ignore
    arg [-dynamic-linker] ==> ignore
    arg [/lib64/ld-linux-x86-64.so.2] ==> ignore
    arg [-zrelro] ==> ignore
    arg [-o] ==> ignore
    arg [cmTC_4dfea] ==> ignore
    arg [/usr/lib/gcc/x86_64-linux-gnu/5/../../../x86_64-linux-gnu/crt1.o] ==> ignore
    arg [/usr/lib/gcc/x86_64-linux-gnu/5/../../../x86_64-linux-gnu/crti.o] ==> ignore
    arg [/usr/lib/gcc/x86_64-linux-gnu/5/crtbegin.o] ==> ignore
    arg [-L/usr/lib/gcc/x86_64-linux-gnu/5] ==> dir [/usr/lib/gcc/x86_64-linux-gnu/5]
    arg [-L/usr/lib/gcc/x86_64-linux-gnu/5/../../../x86_64-linux-gnu] ==> dir [/usr/lib/gcc/x86_64-linux-gnu/5/../../../x86_64-linux-gnu]
    arg [-L/usr/lib/gcc/x86_64-linux-gnu/5/../../../../lib] ==> dir [/usr/lib/gcc/x86_64-linux-gnu/5/../../../../lib]
    arg [-L/lib/x86_64-linux-gnu] ==> dir [/lib/x86_64-linux-gnu]
    arg [-L/lib/../lib] ==> dir [/lib/../lib]
    arg [-L/usr/lib/x86_64-linux-gnu] ==> dir [/usr/lib/x86_64-linux-gnu]
    arg [-L/usr/lib/../lib] ==> dir [/usr/lib/../lib]
    arg [-L/usr/lib/gcc/x86_64-linux-gnu/5/../../..] ==> dir [/usr/lib/gcc/x86_64-linux-gnu/5/../../..]
    arg [CMakeFiles/cmTC_4dfea.dir/CMakeCCompilerABI.c.o] ==> ignore
    arg [-lgcc] ==> lib [gcc]
    arg [--as-needed] ==> ignore
    arg [-lgcc_s] ==> lib [gcc_s]
    arg [--no-as-needed] ==> ignore
    arg [-lc] ==> lib [c]
    arg [-lgcc] ==> lib [gcc]
    arg [--as-needed] ==> ignore
    arg [-lgcc_s] ==> lib [gcc_s]
    arg [--no-as-needed] ==> ignore
    arg [/usr/lib/gcc/x86_64-linux-gnu/5/crtend.o] ==> ignore
    arg [/usr/lib/gcc/x86_64-linux-gnu/5/../../../x86_64-linux-gnu/crtn.o] ==> ignore
  remove lib [gcc]
  remove lib [gcc_s]
  remove lib [gcc]
  remove lib [gcc_s]
  collapse library dir [/usr/lib/gcc/x86_64-linux-gnu/5] ==> [/usr/lib/gcc/x86_64-linux-gnu/5]
  collapse library dir [/usr/lib/gcc/x86_64-linux-gnu/5/../../../x86_64-linux-gnu] ==> [/usr/lib/x86_64-linux-gnu]
  collapse library dir [/usr/lib/gcc/x86_64-linux-gnu/5/../../../../lib] ==> [/usr/lib]
  collapse library dir [/lib/x86_64-linux-gnu] ==> [/lib/x86_64-linux-gnu]
  collapse library dir [/lib/../lib] ==> [/lib]
  collapse library dir [/usr/lib/x86_64-linux-gnu] ==> [/usr/lib/x86_64-linux-gnu]
  collapse library dir [/usr/lib/../lib] ==> [/usr/lib]
  collapse library dir [/usr/lib/gcc/x86_64-linux-gnu/5/../../..] ==> [/usr/lib]
  implicit libs: [c]
  implicit dirs: [/usr/lib/gcc/x86_64-linux-gnu/5;/usr/lib/x86_64-linux-gnu;/usr/lib;/lib/x86_64-linux-gnu;/lib]
  implicit fwks: []




Detecting C [-std=c11] compiler features compiled with the following output:
Change Dir: /home/a/NAUDIT/pruebas/dependencies/netlib/build/CMakeFiles/CMakeTmp

Run Build Command:"/usr/bin/make" "cmTC_a6215/fast"
make[1]: se entra en el directorio '/home/a/NAUDIT/pruebas/dependencies/netlib/build/CMakeFiles/CMakeTmp'
/usr/bin/make -f CMakeFiles/cmTC_a6215.dir/build.make CMakeFiles/cmTC_a6215.dir/build
make[2]: se entra en el directorio '/home/a/NAUDIT/pruebas/dependencies/netlib/build/CMakeFiles/CMakeTmp'
Building C object CMakeFiles/cmTC_a6215.dir/feature_tests.c.o
/usr/bin/cc    -std=c11 -o CMakeFiles/cmTC_a6215.dir/feature_tests.c.o   -c /home/a/NAUDIT/pruebas/dependencies/netlib/build/CMakeFiles/feature_tests.c
Linking C executable cmTC_a6215
/usr/bin/cmake -E cmake_link_script CMakeFiles/cmTC_a6215.dir/link.txt --verbose=1
/usr/bin/cc       CMakeFiles/cmTC_a6215.dir/feature_tests.c.o  -o cmTC_a6215 -rdynamic 
make[2]: se sale del directorio '/home/a/NAUDIT/pruebas/dependencies/netlib/build/CMakeFiles/CMakeTmp'
make[1]: se sale del directorio '/home/a/NAUDIT/pruebas/dependencies/netlib/build/CMakeFiles/CMakeTmp'


    Feature record: C_FEATURE:1c_function_prototypes
    Feature record: C_FEATURE:1c_restrict
    Feature record: C_FEATURE:1c_static_assert
    Feature record: C_FEATURE:1c_variadic_macros


Detecting C [-std=c99] compiler features compiled with the following output:
Change Dir: /home/a/NAUDIT/pruebas/dependencies/netlib/build/CMakeFiles/CMakeTmp

Run Build Command:"/usr/bin/make" "cmTC_2ede9/fast"
make[1]: se entra en el directorio '/home/a/NAUDIT/pruebas/dependencies/netlib/build/CMakeFiles/CMakeTmp'
/usr/bin/make -f CMakeFiles/cmTC_2ede9.dir/build.make CMakeFiles/cmTC_2ede9.dir/build
make[2]: se entra en el directorio '/home/a/NAUDIT/pruebas/dependencies/netlib/build/CMakeFiles/CMakeTmp'
Building C object CMakeFiles/cmTC_2ede9.dir/feature_tests.c.o
/usr/bin/cc    -std=c99 -o CMakeFiles/cmTC_2ede9.dir/feature_tests.c.o   -c /home/a/NAUDIT/pruebas/dependencies/netlib/build/CMakeFiles/feature_tests.c
Linking C executable cmTC_2ede9
/usr/bin/cmake -E cmake_link_script CMakeFiles/cmTC_2ede9.dir/link.txt --verbose=1
/usr/bin/cc       CMakeFiles/cmTC_2ede9.dir/feature_tests.c.o  -o cmTC_2ede9 -rdynamic 
make[2]: se sale del directorio '/home/a/NAUDIT/pruebas/dependencies/netlib/build/CMakeFiles/CMakeTmp'
make[1]: se sale del directorio '/home/a/NAUDIT/pruebas/dependencies/netlib/build/CMakeFiles/CMakeTmp'


    Feature record: C_FEATURE:1c_function_prototypes
    Feature record: C_FEATURE:1c_restrict
    Feature record: C_FEATURE:0c_static_assert
    Feature record: C_FEATURE:1c_variadic_macros


Detecting C [-std=c90] compiler features compiled with the following output:
Change Dir: /home/a/NAUDIT/pruebas/dependencies/netlib/build/CMakeFiles/CMakeTmp

Run Build Command:"/usr/bin/make" "cmTC_481d4/fast"
make[1]: se entra en el directorio '/home/a/NAUDIT/pruebas/dependencies/netlib/build/CMakeFiles/CMakeTmp'
/usr/bin/make -f CMakeFiles/cmTC_481d4.dir/build.make CMakeFiles/cmTC_481d4.dir/build
make[2]: se entra en el directorio '/home/a/NAUDIT/pruebas/dependencies/netlib/build/CMakeFiles/CMakeTmp'
Building C object CMakeFiles/cmTC_481d4.dir/feature_tests.c.o
/usr/bin/cc    -std=c90 -o CMakeFiles/cmTC_481d4.dir/feature_tests.c.o   -c /home/a/NAUDIT/pruebas/dependencies/netlib/build/CMakeFiles/feature_tests.c
Linking C executable cmTC_481d4
/usr/bin/cmake -E cmake_link_script CMakeFiles/cmTC_481d4.dir/link.txt --verbose=1
/usr/bin/cc       CMakeFiles/cmTC_481d4.dir/feature_tests.c.o  -o cmTC_481d4 -rdynamic 
make[2]: se sale del directorio '/home/a/NAUDIT/pruebas/dependencies/netlib/build/CMakeFiles/CMakeTmp'
make[1]: se sale del directorio '/home/a/NAUDIT/pruebas/dependencies/netlib/build/CMakeFiles/CMakeTmp'


    Feature record: C_FEATURE:1c_function_prototypes
    Feature record: C_FEATURE:0c_restrict
    Feature record: C_FEATURE:0c_static_assert
    Feature record: C_FEATURE:0c_variadic_macros
Determining if the CXX compiler works passed with the following output:
Change Dir: /home/a/NAUDIT/pruebas/dependencies/netlib/build/CMakeFiles/CMakeTmp

Run Build Command:"/usr/bin/make" "cmTC_e0a0a/fast"
make[1]: se entra en el directorio '/home/a/NAUDIT/pruebas/dependencies/netlib/build/CMakeFiles/CMakeTmp'
/usr/bin/make -f CMakeFiles/cmTC_e0a0a.dir/build.make CMakeFiles/cmTC_e0a0a.dir/build
make[2]: se entra en el directorio '/home/a/NAUDIT/pruebas/dependencies/netlib/build/CMakeFiles/CMakeTmp'
Building CXX object CMakeFiles/cmTC_e0a0a.dir/testCXXCompiler.cxx.o
/usr/bin/c++      -o CMakeFiles/cmTC_e0a0a.dir/testCXXCompiler.cxx.o -c /home/a/NAUDIT/pruebas/dependencies/netlib/build/CMakeFiles/CMakeTmp/testCXXCompiler.cxx
Linking CXX executable cmTC_e0a0a
/usr/bin/cmake -E cmake_link_script CMakeFiles/cmTC_e0a0a.dir/link.txt --verbose=1
/usr/bin/c++        CMakeFiles/cmTC_e0a0a.dir/testCXXCompiler.cxx.o  -o cmTC_e0a0a -rdynamic 
make[2]: se sale del directorio '/home/a/NAUDIT/pruebas/dependencies/netlib/build/CMakeFiles/CMakeTmp'
make[1]: se sale del directorio '/home/a/NAUDIT/pruebas/dependencies/netlib/build/CMakeFiles/CMakeTmp'


Detecting CXX compiler ABI info compiled with the following output:
Change Dir: /home/a/NAUDIT/pruebas/dependencies/netlib/build/CMakeFiles/CMakeTmp

Run Build Command:"/usr/bin/make" "cmTC_a90ac/fast"
make[1]: se entra en el directorio '/home/a/NAUDIT/pruebas/dependencies/netlib/build/CMakeFiles/CMakeTmp'
/usr/bin/make -f CMakeFiles/cmTC_a90ac.dir/build.make CMakeFiles/cmTC_a90ac.dir/build
make[2]: se entra en el directorio '/home/a/NAUDIT/pruebas/dependencies/netlib/build/CMakeFiles/CMakeTmp'
Building CXX object CMakeFiles/cmTC_a90ac.dir/CMakeCXXCompilerABI.cpp.o
/usr/bin/c++      -o CMakeFiles/cmTC_a90ac.dir/CMakeCXXCompilerABI.cpp.o -c /usr/share/cmake-3.5/Modules/CMakeCXXCompilerABI.cpp
Linking CXX executable cmTC_a90ac
/usr/bin/cmake -E cmake_link_script CMakeFiles/cmTC_a90ac.dir/link.txt --verbose=1
/usr/bin/c++       -v CMakeFiles/cmTC_a90ac.dir/CMakeCXXCompilerABI.cpp.o  -o cmTC_a90ac -rdynamic  
Using built-in specs.
COLLECT_GCC=/usr/bin/c++
COLLECT_LTO_WRAPPER=/usr/lib/gcc/x86_64-linux-gnu/5/lto-wrapper
Target: x86_64-linux-gnu
Configured with: ../src/configure -v --with-pkgversion='Ubuntu 5.4.0-6ubuntu1~16.04.10' --with-bugurl=file:///usr/share/doc/gcc-5/README.Bugs --enable-languages=c,ada,c++,java,go,d,fortran,objc,obj-c++ --prefix=/usr --program-suffix=-5 --enable-shared --enable-linker-build-id --libexecdir=/usr/lib --without-included-gettext --enable-threads=posix --libdir=/usr/lib --enable-nls --with-sysroot=/ --enable-clocale=gnu --enable-libstdcxx-debug --enable-libstdcxx-time=yes --with-default-libstdcxx-abi=new --enable-gnu-unique-object --disable-vtable-verify --enable-libmpx --enable-plugin --with-system-zlib --disable-browser-plugin --enable-java-awt=gtk --enable-gtk-cairo --with-java-home=/usr/lib/jvm/java-1.5.0-gcj-5-amd64/jre --enable-java-home --with-jvm-root-dir=/usr/lib/jvm/java-1.5.0-gcj-5-amd64 --with-jvm-jar-dir=/usr/lib/jvm-exports/java-1.5.0-gcj-5-amd64 --with-arch-directory=amd64 --with-ecj-jar=/usr/share/java/eclipse-ecj.jar --enable-objc-gc --enable-multiarch --disable-werror --with-arch-32=i686 --with-abi=m64 --with-multilib-list=m32,m64,mx32 --enable-multilib --with-tune=generic --enable-checking=release --build=x86_64-linux-gnu --host=x86_64-linux-gnu --target=x86_64-linux-gnu
Thread model: posix
gcc version 5.4.0 20160609 (Ubuntu 5.4.0-6ubuntu1~16.04.10) 
COMPILER_PATH=/usr/lib/gcc/x86_64-linux-gnu/5/:/usr/lib/gcc/x86_64-linux-gnu/5/:/usr/lib/gcc/x86_64-linux-gnu/:/usr/lib/gcc/x86_64-linux-gnu/5/:/usr/lib/gcc/x86_64-linux-gnu/
LIBRARY_PATH=/usr/lib/gcc/x86_64-linux-gnu/5/:/usr/lib/gcc/x86_64-linux-gnu/5/../../../x86_64-linux-gnu/:/usr/lib/gcc/x86_64-linux-gnu/5/../../../../lib/:/lib/x86_64-linux-gnu/:/lib/../lib/:/usr/lib/x86_64-linux-gnu/:/usr/lib/../lib/:/usr/lib/gcc/x86_64-linux-gnu/5/../../../:/lib/:/usr/lib/
COLLECT_GCC_OPTIONS='-v' '-o' 'cmTC_a90ac' '-rdynamic' '-shared-libgcc' '-mtune=generic' '-march=x86-64'
 /usr/lib/gcc/x86_64-linux-gnu/5/collect2 -plugin /usr/lib/gcc/x86_64-linux-gnu/5/liblto_plugin.so -plugin-opt=/usr/lib/gcc/x86_64-linux-gnu/5/lto-wrapper -plugin-opt=-fresolution=/tmp/cc5p51ls.res -plugin-opt=-pass-through=-lgcc_s -plugin-opt=-pass-through=-lgcc -plugin-opt=-pass-through=-lc -plugin-opt=-pass-through=-lgcc_s -plugin-opt=-pass-through=-lgcc --sysroot=/ --build-id --eh-frame-hdr -m elf_x86_64 --hash-style=gnu --as-needed -export-dynamic -dynamic-linker /lib64/ld-linux-x86-64.so.2 -z relro -o cmTC_a90ac /usr/lib/gcc/x86_64-linux-gnu/5/../../../x86_64-linux-gnu/crt1.o /usr/lib/gcc/x86_64-linux-gnu/5/../../../x86_64-linux-gnu/crti.o /usr/lib/gcc/x86_64-linux-gnu/5/crtbegin.o -L/usr/lib/gcc/x86_64-linux-gnu/5 -L/usr/lib/gcc/x86_64-linux-gnu/5/../../../x86_64-linux-gnu -L/usr/lib/gcc/x86_64-linux-gnu/5/../../../../lib -L/lib/x86_64-linux-gnu -L/lib/../lib -L/usr/lib/x86_64-linux-gnu -L/usr/lib/../lib -L/usr/lib/gcc/x86_64-linux-gnu/5/../../.. CMakeFiles/cmTC_a90ac.dir/CMakeCXXCompilerABI.cpp.o -lstdc++ -lm -lgcc_s -lgcc -lc -lgcc_s -lgcc /usr/lib/gcc/x86_64-linux-gnu/5/crtend.o /usr/lib/gcc/x86_64-linux-gnu/5/../../../x86_64-linux-gnu/crtn.o
make[2]: se sale del directorio '/home/a/NAUDIT/pruebas/dependencies/netlib/build/CMakeFiles/CMakeTmp'
make[1]: se sale del directorio '/home/a/NAUDIT/pruebas/dependencies/netlib/build/CMakeFiles/CMakeTmp'


Parsed CXX implicit link information from above output:
  link line regex: [^( *|.*[/\])(ld|([^/\]+-)?ld|collect2)[^/\]*( |$)]
  ignore line: [Change Dir: /home/a/NAUDIT/pruebas/dependencies/netlib/build/CMakeFiles/CMakeTmp]
  ignore line: []
  ignore line: [Run Build Command:"/usr/bin/make" "cmTC_a90ac/fast"]
  ignore line: [make[1]: se entra en el directorio '/home/a/NAUDIT/pruebas/dependencies/netlib/build/CMakeFiles/CMakeTmp']
  ignore line: [/usr/bin/make -f CMakeFiles/cmTC_a90ac.dir/build.make CMakeFiles/cmTC_a90ac.dir/build]
  ignore line: [make[2]: se entra en el directorio '/home/a/NAUDIT/pruebas/dependencies/netlib/build/CMakeFiles/CMakeTmp']
  ignore line: [Building CXX object CMakeFiles/cmTC_a90ac.dir/CMakeCXXCompilerABI.cpp.o]
  ignore line: [/usr/bin/c++      -o CMakeFiles/cmTC_a90ac.dir/CMakeCXXCompilerABI.cpp.o -c /usr/share/cmake-3.5/Modules/CMakeCXXCompilerABI.cpp]
  ignore line: [Linking CXX executable cmTC_a90ac]
  ignore line: [/usr/bin/cmake -E cmake_link_script CMakeFiles/cmTC_a90ac.dir/link.txt --verbose=1]
  ignore line: [/usr/bin/c++       -v CMakeFiles/cmTC_a90ac.dir/CMakeCXXCompilerABI.cpp.o  -o cmTC_a90ac -rdynamic  ]
  ignore line: [Using built-in specs.]
  ignore line: [COLLECT_GCC=/usr/bin/c++]
  ignore line: [COLLECT_LTO_WRAPPER=/usr/lib/gcc/x86_64-linux-gnu/5/lto-wrapper]
  ignore line: [Target: x86_64-linux-gnu]
  ignore line: [Configured with: ../src/configure -v --with-pkgversion='Ubuntu 5.4.0-6ubuntu1~16.04.10' --with-bugurl=file:///usr/share/doc/gcc-5/README.Bugs --enable-languages=c,ada,c++,java,go,d,fortran,objc,obj-c++ --prefix=/usr --program-suffix=-5 --enable-shared --enable-linker-build-id --libexecdir=/usr/lib --without-included-gettext --enable-threads=posix --libdir=/usr/lib --enable-nls --with-sysroot=/ --enable-clocale=gnu --enable-libstdcxx-debug --enable-libstdcxx-time=yes --with-default-libstdcxx-abi=new --enable-gnu-unique-object --disable-vtable-verify --enable-libmpx --enable-plugin --with-system-zlib --disable-browser-plugin --enable-java-awt=gtk --enable-gtk-cairo --with-java-home=/usr/lib/jvm/java-1.5.0-gcj-5-amd64/jre --enable-java-home --with-jvm-root-dir=/usr/lib/jvm/java-1.5.0-gcj-5-amd64 --with-jvm-jar-dir=/usr/lib/jvm-exports/java-1.5.0-gcj-5-amd64 --with-arch-directory=amd64 --with-ecj-jar=/usr/share/java/eclipse-ecj.jar --enable-objc-gc --enable-multiarch --disable-werror --with-arch-32=i686 --with-abi=m64 --with-multilib-list=m32,m64,mx32 --enable-multilib --with-tune=generic --enable-checking=release --build=x86_64-linux-gnu --host=x86_64-linux-gnu --target=x86_64-linux-gnu]
  ignore line: [Thread model: posix]
  ignore line: [gcc version 5.4.0 20160609 (Ubuntu 5.4.0-6ubuntu1~16.04.10) ]
  ignore line: [COMPILER_PATH=/usr/lib/gcc/x86_64-linux-gnu/5/:/usr/lib/gcc/x86_64-linux-gnu/5/:/usr/lib/gcc/x86_64-linux-gnu/:/usr/lib/gcc/x86_64-linux-gnu/5/:/usr/lib/gcc/x86_64-linux-gnu/]
  ignore line: [LIBRARY_PATH=/usr/lib/gcc/x86_64-linux-gnu/5/:/usr/lib/gcc/x86_64-linux-gnu/5/../../../x86_64-linux-gnu/:/usr/lib/gcc/x86_64-linux-gnu/5/../../../../lib/:/lib/x86_64-linux-gnu/:/lib/../lib/:/usr/lib/x86_64-linux-gnu/:/usr/lib/../lib/:/usr/lib/gcc/x86_64-linux-gnu/5/../../../:/lib/:/usr/lib/]
  ignore line: [COLLECT_GCC_OPTIONS='-v' '-o' 'cmTC_a90ac' '-rdynamic' '-shared-libgcc' '-mtune=generic' '-march=x86-64']
  link line: [ /usr/lib/gcc/x86_64-linux-gnu/5/collect2 -plugin /usr/lib/gcc/x86_64-linux-gnu/5/liblto_plugin.so -plugin-opt=/usr/lib/gcc/x86_64-linux-gnu/5/lto-wrapper -plugin-opt=-fresolution=/tmp/cc5p51ls.res -plugin-opt=-pass-through=-lgcc_s -plugin-opt=-pass-through=-lgcc -plugin-opt=-pass-through=-lc -plugin-opt=-pass-through=-lgcc_s -plugin-opt=-pass-through=-lgcc --sysroot=/ --build-id --eh-frame-hdr -m elf_x86_64 --hash-style=gnu --as-needed -export-dynamic -dynamic-linker /lib64/ld-linux-x86-64.so.2 -z relro -o cmTC_a90ac /usr/lib/gcc/x86_64-linux-gnu/5/../../../x86_64-linux-gnu/crt1.o /usr/lib/gcc/x86_64-linux-gnu/5/../../../x86_64-linux-gnu/crti.o /usr/lib/gcc/x86_64-linux-gnu/5/crtbegin.o -L/usr/lib/gcc/x86_64-linux-gnu/5 -L/usr/lib/gcc/x86_64-linux-gnu/5/../../../x86_64-linux-gnu -L/usr/lib/gcc/x86_64-linux-gnu/5/../../../../lib -L/lib/x86_64-linux-gnu -L/lib/../lib -L/usr/lib/x86_64-linux-gnu -L/usr/lib/../lib -L/usr/lib/gcc/x86_64-linux-gnu/5/../../.. CMakeFiles/cmTC_a90ac.dir/CMakeCXXCompilerABI.cpp.o -lstdc++ -lm -lgcc_s -lgcc -lc -lgcc_s -lgcc /usr/lib/gcc/x86_64-linux-gnu/5/crtend.o /usr/lib/gcc/x86_64-linux-gnu/5/../../../x86_64-linux-gnu/crtn.o]
    arg [/usr/lib/gcc/x86_64-linux-gnu/5/collect2] ==> ignore
    arg [-plugin] ==> ignore
    arg [/usr/lib/gcc/x86_64-linux-gnu/5/liblto_plugin.so] ==> ignore
    arg [-plugin-opt=/usr/lib/gcc/x86_64-linux-gnu/5/lto-wrapper] ==> ignore
    arg [-plugin-opt=-fresolution=/tmp/cc5p51ls.res] ==> ignore
    arg [-plugin-opt=-pass-through=-lgcc_s] ==> ignore
    arg [-plugin-opt=-pass-through=-lgcc] ==> ignore
    arg [-plugin-opt=-pass-through=-lc] ==> ignore
    arg [-plugin-opt=-pass-through=-lgcc_s] ==> ignore
    arg [-plugin-opt=-pass-through=-lgcc] ==> ignore
    arg [--sysroot=/] ==> ignore
    arg [--build-id] ==> ignore
    arg [--eh-frame-hdr] ==> ignore
    arg [-m] ==> ignore
    arg [elf_x86_64] ==> ignore
    arg [--hash-style=gnu] ==> ignore
    arg [--as-needed] ==> ignore
    arg [-export-dynamic] ==> ignore
    arg [-dynamic-linker] ==> ignore
    arg [/lib64/ld-linux-x86-64.so.2] ==> ignore
    arg [-zrelro] ==> ignore
    arg [-o] ==> ignore
    arg [cmTC_a90ac] ==> ignore
    arg [/usr/lib/gcc/x86_64-linux-gnu/5/../../../x86_64-linux-gnu/crt1.o] ==> ignore
    arg [/usr/lib/gcc/x86_64-linux-gnu/5/../../../x86_64-linux-gnu/crti.o] ==> ignore
    arg [/usr/lib/gcc/x86_64-linux-gnu/5/crtbegin.o] ==> ignore
    arg [-L/usr/lib/gcc/x86_64-linux-gnu/5] ==> dir [/usr/lib/gcc/x86_64-linux-gnu/5]
    arg [-L/usr/lib/gcc/x86_64-linux-gnu/5/../../../x86_64-linux-gnu] ==> dir [/usr/lib/gcc/x86_64-linux-gnu/5/../../../x86_64-linux-gnu]
    arg [-L/usr/lib/gcc/x86_64-linux-gnu/5/../../../../lib] ==> dir [/usr/lib/gcc/x86_64-linux-gnu/5/../../../../lib]
    arg [-L/lib/x86_64-linux-gnu] ==> dir [/lib/x86_64-linux-gnu]
    arg [-L/lib/../lib] ==> dir [/lib/../lib]
    arg [-L/usr/lib/x86_64-linux-gnu] ==> dir [/usr/lib/x86_64-linux-gnu]
    arg [-L/usr/lib/../lib] ==> dir [/usr/lib/../lib]
    arg [-L/usr/lib/gcc/x86_64-linux-gnu/5/../../..] ==> dir [/usr/lib/gcc/x86_64-linux-gnu/5/../../..]
    arg [CMakeFiles/cmTC_a90ac.dir/CMakeCXXCompilerABI.cpp.o] ==> ignore
    arg [-lstdc++] ==> lib [stdc++]
    arg [-lm] ==> lib [m]
    arg [-lgcc_s] ==> lib [gcc_s]
    arg [-lgcc] ==> lib [gcc]
    arg [-lc] ==> lib [c]
    arg [-lgcc_s] ==> lib [gcc_s]
    arg [-lgcc] ==> lib [gcc]
    arg [/usr/lib/gcc/x86_64-linux-gnu/5/crtend.o] ==> ignore
    arg [/usr/lib/gcc/x86_64-linux-gnu/5/../../../x86_64-linux-gnu/crtn.o] ==> ignore
  remove lib [gcc_s]
  remove lib [gcc]
  remove lib [gcc_s]
  remove lib [gcc]
  collapse library dir [/usr/lib/gcc/x86_64-linux-gnu/5] ==> [/usr/lib/gcc/x86_64-linux-gnu/5]
  collapse library dir [/usr/lib/gcc/x86_64-linux-gnu/5/../../../x86_64-linux-gnu] ==> [/usr/lib/x86_64-linux-gnu]
  collapse library dir [/usr/lib/gcc/x86_64-linux-gnu/5/../../../../lib] ==> [/usr/lib]
  collapse library dir [/lib/x86_64-linux-gnu] ==> [/lib/x86_64-linux-gnu]
  collapse library dir [/lib/../lib] ==> [/lib]
  collapse library dir [/usr/lib/x86_64-linux-gnu] ==> [/usr/lib/x86_64-linux-gnu]
  collapse library dir [/usr/lib/../lib] ==> [/usr/lib]
  collapse library dir [/usr/lib/gcc/x86_64-linux-gnu/5/../../..] ==> [/usr/lib]
  implicit libs: [stdc++;m;c]
  implicit dirs: [/usr/lib/gcc/x86_64-linux-gnu/5;/usr/lib/x86_64-linux-gnu;/usr/lib;/lib/x86_64-linux-gnu;/lib]
  implicit fwks: []




Detecting CXX [-std=c++14] compiler features compiled with the following output:
Change Dir: /home/a/NAUDIT/pruebas/dependencies/netlib/build/CMakeFiles/CMakeTmp

Run Build Command:"/usr/bin/make" "cmTC_f1189/fast"
make[1]: se entra en el directorio '/home/a/NAUDIT/pruebas/dependencies/netlib/build/CMakeFiles/CMakeTmp'
/usr/bin/make -f CMakeFiles/cmTC_f1189.dir/build.make CMakeFiles/cmTC_f1189.dir/build
make[2]: se entra en el directorio '/home/a/NAUDIT/pruebas/dependencies/netlib/build/CMakeFiles/CMakeTmp'
Building CXX object CMakeFiles/cmTC_f1189.dir/feature_tests.cxx.o
/usr/bin/c++     -std=c++14 -o CMakeFiles/cmTC_f1189.dir/feature_tests.cxx.o -c /home/a/NAUDIT/pruebas/dependencies/netlib/build/CMakeFiles/feature_tests.cxx
Linking CXX executable cmTC_f1189
/usr/bin/cmake -E cmake_link_script CMakeFiles/cmTC_f1189.dir/link.txt --verbose=1
/usr/bin/c++        CMakeFiles/cmTC_f1189.dir/feature_tests.cxx.o  -o cmTC_f1189 -rdynamic 
make[2]: se sale del directorio '/home/a/NAUDIT/pruebas/dependencies/netlib/build/CMakeFiles/CMakeTmp'
make[1]: se sale del directorio '/home/a/NAUDIT/pruebas/dependencies/netlib/build/CMakeFiles/CMakeTmp'


    Feature record: CXX_FEATURE:1cxx_aggregate_default_initializers
    Feature record: CXX_FEATURE:1cxx_alias_templates
    Feature record: CXX_FEATURE:1cxx_alignas
    Feature record: CXX_FEATURE:1cxx_alignof
    Feature record: CXX_FEATURE:1cxx_attributes
    Feature record: CXX_FEATURE:1cxx_attribute_deprecated
    Feature record: CXX_FEATURE:1cxx_auto_type
    Feature record: CXX_FEATURE:1cxx_binary_literals
    Feature record: CXX_FEATURE:1cxx_constexpr
    Feature record: CXX_FEATURE:1cxx_contextual_conversions
    Feature record: CXX_FEATURE:1cxx_decltype
    Feature record: CXX_FEATURE:1cxx_decltype_auto
    Feature record: CXX_FEATURE:1cxx_decltype_incomplete_return_types
    Feature record: CXX_FEATURE:1cxx_default_function_template_args
    Feature record: CXX_FEATURE:1cxx_defaulted_functions
    Feature record: CXX_FEATURE:1cxx_defaulted_move_initializers
    Feature record: CXX_FEATURE:1cxx_delegating_constructors
    Feature record: CXX_FEATURE:1cxx_deleted_functions
    Feature record: CXX_FEATURE:1cxx_digit_separators
    Feature record: CXX_FEATURE:1cxx_enum_forward_declarations
    Feature record: CXX_FEATURE:1cxx_explicit_conversions
    Feature record: CXX_FEATURE:1cxx_extended_friend_declarations
    Feature record: CXX_FEATURE:1cxx_extern_templates
    Feature record: CXX_FEATURE:1cxx_final
    Feature record: CXX_FEATURE:1cxx_func_identifier
    Feature record: CXX_FEATURE:1cxx_generalized_initializers
    Feature record: CXX_FEATURE:1cxx_generic_lambdas
    Feature record: CXX_FEATURE:1cxx_inheriting_constructors
    Feature record: CXX_FEATURE:1cxx_inline_namespaces
    Feature record: CXX_FEATURE:1cxx_lambdas
    Feature record: CXX_FEATURE:1cxx_lambda_init_captures
    Feature record: CXX_FEATURE:1cxx_local_type_template_args
    Feature record: CXX_FEATURE:1cxx_long_long_type
    Feature record: CXX_FEATURE:1cxx_noexcept
    Feature record: CXX_FEATURE:1cxx_nonstatic_member_init
    Feature record: CXX_FEATURE:1cxx_nullptr
    Feature record: CXX_FEATURE:1cxx_override
    Feature record: CXX_FEATURE:1cxx_range_for
    Feature record: CXX_FEATURE:1cxx_raw_string_literals
    Feature record: CXX_FEATURE:1cxx_reference_qualified_functions
    Feature record: CXX_FEATURE:1cxx_relaxed_constexpr
    Feature record: CXX_FEATURE:1cxx_return_type_deduction
    Feature record: CXX_FEATURE:1cxx_right_angle_brackets
    Feature record: CXX_FEATURE:1cxx_rvalue_references
    Feature record: CXX_FEATURE:1cxx_sizeof_member
    Feature record: CXX_FEATURE:1cxx_static_assert
    Feature record: CXX_FEATURE:1cxx_strong_enums
    Feature record: CXX_FEATURE:1cxx_template_template_parameters
    Feature record: CXX_FEATURE:1cxx_thread_local
    Feature record: CXX_FEATURE:1cxx_trailing_return_types
    Feature record: CXX_FEATURE:1cxx_unicode_literals
    Feature record: CXX_FEATURE:1cxx_uniform_initialization
    Feature record: CXX_FEATURE:1cxx_unrestricted_unions
    Feature record: CXX_FEATURE:1cxx_user_literals
    Feature record: CXX_FEATURE:1cxx_variable_templates
    Feature record: CXX_FEATURE:1cxx_variadic_macros
    Feature record: CXX_FEATURE:1cxx_variadic_templates


Detecting CXX [-std=c++11] compiler features compiled with the following output:
Change Dir: /home/a/NAUDIT/pruebas/dependencies/netlib/build/CMakeFiles/CMakeTmp

Run Build Command:"/usr/bin/make" "cmTC_49ee9/fast"
make[1]: se entra en el directorio '/home/a/NAUDIT/pruebas/dependencies/netlib/build/CMakeFiles/CMakeTmp'
/usr/bin/make -f CMakeFiles/cmTC_49ee9.dir/build.make CMakeFiles/cmTC_49ee9.dir/build
make[2]: se entra en el directorio '/home/a/NAUDIT/pruebas/dependencies/netlib/build/CMakeFiles/CMakeTmp'
Building CXX object CMakeFiles/cmTC_49ee9.dir/feature_tests.cxx.o
/usr/bin/c++     -std=c++11 -o CMakeFiles/cmTC_49ee9.dir/feature_tests.cxx.o -c /home/a/NAUDIT/pruebas/dependencies/netlib/build/CMakeFiles/feature_tests.cxx
Linking CXX executable cmTC_49ee9
/usr/bin/cmake -E cmake_link_script CMakeFiles/cmTC_49ee9.dir/link.txt --verbose=1
/usr/bin/c++        CMakeFiles/cmTC_49ee9.dir/feature_tests.cxx.o  -o cmTC_49ee9 -rdynamic 
make[2]: se sale del directorio '/home/a/NAUDIT/pruebas/dependencies/netlib/build/CMakeFiles/CMakeTmp'
make[1]: se sale del directorio '/home/a/NAUDIT/pruebas/dependencies/netlib/build/CMakeFiles/CMakeTmp'


    Feature record: CXX_FEATURE:0cxx_aggregate_default_initializers
    Feature record: CXX_FEATURE:1cxx_alias_templates
    Feature record: CXX_FEATURE:1cxx_alignas
    Feature record: CXX_FEATURE:1cxx_alignof
    Feature record: CXX_FEATURE:1cxx_attributes
    Feature record: CXX_FEATURE:0cxx_attribute_deprecated
    Feature record: CXX_FEATURE:1cxx_auto_type
    Feature record: CXX_FEATURE:0cxx_binary_literals
    Feature record: CXX_FEATURE:1cxx_constexpr
    Feature record: CXX_FEATURE:0cxx_contextual_conversions
    Feature record: CXX_FEATURE:1cxx_decltype
    Feature record: CXX_FEATURE:0cxx_decltype_auto
    Feature record: CXX_FEATURE:1cxx_decltype_incomplete_return_types
    Feature record: CXX_FEATURE:1cxx_default_function_template_args
    Feature record: CXX_FEATURE:1cxx_defaulted_functions
    Feature record: CXX_FEATURE:1cxx_defaulted_move_initializers
    Feature record: CXX_FEATURE:1cxx_delegating_constructors
    Feature record: CXX_FEATURE:1cxx_deleted_functions
    Feature record: CXX_FEATURE:0cxx_digit_separators
    Feature record: CXX_FEATURE:1cxx_enum_forward_declarations
    Feature record: CXX_FEATURE:1cxx_explicit_conversions
    Feature record: CXX_FEATURE:1cxx_extended_friend_declarations
    Feature record: CXX_FEATURE:1cxx_extern_templates
    Feature record: CXX_FEATURE:1cxx_final
    Feature record: CXX_FEATURE:1cxx_func_identifier
    Feature record: CXX_FEATURE:1cxx_generalized_initializers
    Feature record: CXX_FEATURE:0cxx_generic_lambdas
    Feature record: CXX_FEATURE:1cxx_inheriting_constructors
    Feature record: CXX_FEATURE:1cxx_inline_namespaces
    Feature record: CXX_FEATURE:1cxx_lambdas
    Feature record: CXX_FEATURE:0cxx_lambda_init_captures
    Feature record: CXX_FEATURE:1cxx_local_type_template_args
    Feature record: CXX_FEATURE:1cxx_long_long_type
    Feature record: CXX_FEATURE:1cxx_noexcept
    Feature record: CXX_FEATURE:1cxx_nonstatic_member_init
    Feature record: CXX_FEATURE:1cxx_nullptr
    Feature record: CXX_FEATURE:1cxx_override
    Feature record: CXX_FEATURE:1cxx_range_for
    Feature record: CXX_FEATURE:1cxx_raw_string_literals
    Feature record: CXX_FEATURE:1cxx_reference_qualified_functions
    Feature record: CXX_FEATURE:0cxx_relaxed_constexpr
    Feature record: CXX_FEATURE:0cxx_return_type_deduction
    Feature record: CXX_FEATURE:1cxx_right_angle_brackets
    Feature record: CXX_FEATURE:1cxx_rvalue_references
    Feature record: CXX_FEATURE:1cxx_sizeof_member
    Feature record: CXX_FEATURE:1cxx_static_assert
    Feature record: CXX_FEATURE:1cxx_strong_enums
    Feature record: CXX_FEATURE:1cxx_template_template_parameters
    Feature record: CXX_FEATURE:1cxx_thread_local
    Feature record: CXX_FEATURE:1cxx_trailing_return_types
    Feature record: CXX_FEATURE:1cxx_unicode_literals
    Feature record: CXX_FEATURE:1cxx_uniform_initialization
    Feature record: CXX_FEATURE:1cxx_unrestricted_unions
    Feature record: CXX_FEATURE:1cxx_user_literals
    Feature record: CXX_FEATURE:0cxx_variable_templates
    Feature record: CXX_FEATURE:1cxx_variadic_macros
    Feature record: CXX_FEATURE:1cxx_variadic_templates


Detecting CXX [-std=c++98] compiler features compiled with the following output:
Change Dir: /home/a/NAUDIT/pruebas/dependencies/netlib/build/CMakeFiles/CMakeTmp

Run Build Command:"/usr/bin/make" "cmTC_6f19b/fast"
make[1]: se entra en el directorio '/home/a/NAUDIT/pruebas/dependencies/netlib/build/CMakeFiles/CMakeTmp'
/usr/bin/make -f CMakeFiles/cmTC_6f19b.dir/build.make CMakeFiles/cmTC_6f19b.dir/build
make[2]: se entra en el directorio '/home/a/NAUDIT/pruebas/dependencies/netlib/build/CMakeFiles/CMakeTmp'
Building CXX object CMakeFiles/cmTC_6f19b.dir/feature_tests.cxx.o
/usr/bin/c++     -std=c++98 -o CMakeFiles/cmTC_6f19b.dir/feature_tests.cxx.o -c /home/a/NAUDIT/pruebas/dependencies/netlib/build/CMakeFiles/feature_tests.cxx
Linking CXX executable cmTC_6f19b
/usr/bin/cmake -E cmake_link_script CMakeFiles/cmTC_6f19b.dir/link.txt --verbose=1
/usr/bin/c++        CMakeFiles/cmTC_6f19b.dir/feature_tests.cxx.o  -o cmTC_6f19b -rdynamic 
make[2]: se sale del directorio '/home/a/NAUDIT/pruebas/dependencies/netlib/build/CMakeFiles/CMakeTmp'
make[1]: se sale del directorio '/home/a/NAUDIT/pruebas/dependencies/netlib/build/CMakeFiles/CMakeTmp'


    Feature record: CXX_FEATURE:0cxx_aggregate_default_initializers
    Feature record: CXX_FEATURE:0cxx_alias_templates
    Feature record: CXX_FEATURE:0cxx_alignas
    Feature record: CXX_FEATURE:0cxx_alignof
    Feature record: CXX_FEATURE:0cxx_attributes
    Feature record: CXX_FEATURE:0cxx_attribute_deprecated
    Feature record: CXX_FEATURE:0cxx_auto_type
    Feature record: CXX_FEATURE:0cxx_binary_literals
    Feature record: CXX_FEATURE:0cxx_constexpr
    Feature record: CXX_FEATURE:0cxx_contextual_conversions
    Feature record: CXX_FEATURE:0cxx_decltype
    Feature record: CXX_FEATURE:0cxx_decltype_auto
    Feature record: CXX_FEATURE:0cxx_decltype_incomplete_return_types
    Feature record: CXX_FEATURE:0cxx_default_function_template_args
    Feature record: CXX_FEATURE:0cxx_defaulted_functions
    Feature record: CXX_FEATURE:0cxx_defaulted_move_initializers
    Feature record: CXX_FEATURE:0cxx_delegating_constructors
    Feature record: CXX_FEATURE:0cxx_deleted_functions
    Feature record: CXX_FEATURE:0cxx_digit_separators
    Feature record: CXX_FEATURE:0cxx_enum_forward_declarations
    Feature record: CXX_FEATURE:0cxx_explicit_conversions
    Feature record: CXX_FEATURE:0cxx_extended_friend_declarations
    Feature record: CXX_FEATURE:0cxx_extern_templates
    Feature record: CXX_FEATURE:0cxx_final
    Feature record: CXX_FEATURE:0cxx_func_identifier
    Feature record: CXX_FEATURE:0cxx_generalized_initializers
    Feature record: CXX_FEATURE:0cxx_generic_lambdas
    Feature record: CXX_FEATURE:0cxx_inheriting_constructors
    Feature record: CXX_FEATURE:0cxx_inline_namespaces
    Feature record: CXX_FEATURE:0cxx_lambdas
    Feature record: CXX_FEATURE:0cxx_lambda_init_captures
    Feature record: CXX_FEATURE:0cxx_local_type_template_args
    Feature record: CXX_FEATURE:0cxx_long_long_type
    Feature record: CXX_FEATURE:0cxx_noexcept
    Feature record: CXX_FEATURE:0cxx_nonstatic_member_init
    Feature record: CXX_FEATURE:0cxx_nullptr
    Feature record: CXX_FEATURE:0cxx_override
    Feature record: CXX_FEATURE:0cxx_range_for
    Feature record: CXX_FEATURE:0cxx_raw_string_literals
    Feature record: CXX_FEATURE:0cxx_reference_qualified_functions
    Feature record: CXX_FEATURE:0cxx_relaxed_constexpr
    Feature record: CXX_FEATURE:0cxx_return_type_deduction
    Feature record: CXX_FEATURE:0cxx_right_angle_brackets
    Feature record: CXX_FEATURE:0cxx_rvalue_references
    Feature record: CXX_FEATURE:0cxx_sizeof_member
    Feature record: CXX_FEATURE:0cxx_static_assert
    Feature record: CXX_FEATURE:0cxx_strong_enums
    Feature record: CXX_FEATURE:1cxx_template_template_parameters
    Feature record: CXX_FEATURE:0cxx_thread_local
    Feature record: CXX_FEATURE:0cxx_trailing_return_types
    Feature record: CXX_FEATURE:0cxx_unicode_literals
    Feature record: CXX_FEATURE:0cxx_uniform_initialization
    Feature record: CXX_FEATURE:0cxx_unrestricted_unions
    Feature record: CXX_FEATURE:0cxx_user_literals
    Feature record: CXX_FEATURE:0cxx_variable_templates
    Feature record: CXX_FEATURE:0cxx_variadic_macros
    Feature record: CXX_FEATURE:0cxx_variadic_templates
Determining if the function asprintf exists passed with the following output:
Change Dir: /home/a/NAUDIT/pruebas/dependencies/netlib/build/CMakeFiles/CMakeTmp

Run Build Command:"/usr/bin/make" "cmTC_bafa5/fast"
make[1]: se entra en el directorio '/home/a/NAUDIT/pruebas/dependencies/netlib/build/CMakeFiles/CMakeTmp'
/usr/bin/make -f CMakeFiles/cmTC_bafa5.dir/build.make CMakeFiles/cmTC_bafa5.dir/build
make[2]: se entra en el directorio '/home/a/NAUDIT/pruebas/dependencies/netlib/build/CMakeFiles/CMakeTmp'
Building C object CMakeFiles/cmTC_bafa5.dir/CheckFunctionExists.c.o
/usr/bin/cc    -DCHECK_FUNCTION_EXISTS=asprintf -fPIE   -o CMakeFiles/cmTC_bafa5.dir/CheckFunctionExists.c.o   -c /usr/share/cmake-3.5/Modules/CheckFunctionExists.c
Linking C executable cmTC_bafa5
/usr/bin/cmake -E cmake_link_script CMakeFiles/cmTC_bafa5.dir/link.txt --verbose=1
/usr/bin/cc   -DCHECK_FUNCTION_EXISTS=asprintf    CMakeFiles/cmTC_bafa5.dir/CheckFunctionExists.c.o  -o cmTC_bafa5 -rdynamic 
make[2]: se sale del directorio '/home/a/NAUDIT/pruebas/dependencies/netlib/build/CMakeFiles/CMakeTmp'
make[1]: se sale del directorio '/home/a/NAUDIT/pruebas/dependencies/netlib/build/CMakeFiles/CMakeTmp'


Determining if the function inet_pton exists passed with the following output:
Change Dir: /home/a/NAUDIT/pruebas/dependencies/netlib/build/CMakeFiles/CMakeTmp

Run Build Command:"/usr/bin/make" "cmTC_4fe4d/fast"
make[1]: se entra en el directorio '/home/a/NAUDIT/pruebas/dependencies/netlib/build/CMakeFiles/CMakeTmp'
/usr/bin/make -f CMakeFiles/cmTC_4fe4d.dir/build.make CMakeFiles/cmTC_4fe4d.dir/build
make[2]: se entra en el directorio '/home/a/NAUDIT/pruebas/dependencies/netlib/build/CMakeFiles/CMakeTmp'
Building C object CMakeFiles/cmTC_4fe4d.dir/CheckFunctionExists.c.o
/usr/bin/cc    -DCHECK_FUNCTION_EXISTS=inet_pton -fPIE   -o CMakeFiles/cmTC_4fe4d.dir/CheckFunctionExists.c.o   -c /usr/share/cmake-3.5/Modules/CheckFunctionExists.c
Linking C executable cmTC_4fe4d
/usr/bin/cmake -E cmake_link_script CMakeFiles/cmTC_4fe4d.dir/link.txt --verbose=1
/usr/bin/cc   -DCHECK_FUNCTION_EXISTS=inet_pton    CMakeFiles/cmTC_4fe4d.dir/CheckFunctionExists.c.o  -o cmTC_4fe4d -rdynamic 
make[2]: se sale del directorio '/home/a/NAUDIT/pruebas/dependencies/netlib/build/CMakeFiles/CMakeTmp'
make[1]: se sale del directorio '/home/a/NAUDIT/pruebas/dependencies/netlib/build/CMakeFiles/CMakeTmp'


Determining if the function strcasecmp exists passed with the following output:
Change Dir: /home/a/NAUDIT/pruebas/dependencies/netlib/build/CMakeFiles/CMakeTmp

Run Build Command:"/usr/bin/make" "cmTC_9b9d2/fast"
make[1]: se entra en el directorio '/home/a/NAUDIT/pruebas/dependencies/netlib/build/CMakeFiles/CMakeTmp'
/usr/bin/make -f CMakeFiles/cmTC_9b9d2.dir/build.make CMakeFiles/cmTC_9b9d2.dir/build
make[2]: se entra en el directorio '/home/a/NAUDIT/pruebas/dependencies/netlib/build/CMakeFiles/CMakeTmp'
Building C object CMakeFiles/cmTC_9b9d2.dir/CheckFunctionExists.c.o
/usr/bin/cc    -DCHECK_FUNCTION_EXISTS=strcasecmp -fPIE   -o CMakeFiles/cmTC_9b9d2.dir/CheckFunctionExists.c.o   -c /usr/share/cmake-3.5/Modules/CheckFunctionExists.c
<command-line>:0:23: warning: conflicting types for built-in function ‘strcasecmp’
/usr/share/cmake-3.5/Modules/CheckFunctionExists.c:6:6: note: in expansion of macro ‘CHECK_FUNCTION_EXISTS’
 char CHECK_FUNCTION_EXISTS();
      ^
Linking C executable cmTC_9b9d2
/usr/bin/cmake -E cmake_link_script CMakeFiles/cmTC_9b9d2.dir/link.txt --verbose=1
/usr/bin/cc   -DCHECK_FUNCTION_EXISTS=strcasecmp    CMakeFiles/cmTC_9b9d2.dir/CheckFunctionExists.c.o  -o cmTC_9b9d2 -rdynamic 
make[2]: se sale del directorio '/home/a/NAUDIT/pruebas/dependencies/netlib/build/CMakeFiles/CMakeTmp'
make[1]: se sale del directorio '/home/a/NAUDIT/pruebas/dependencies/netlib/build/CMakeFiles/CMakeTmp'


Determining if the function strndup exists passed with the following output:
Change Dir: /home/a/NAUDIT/pruebas/dependencies/netlib/build/CMakeFiles/CMakeTmp

Run Build Command:"/usr/bin/make" "cmTC_bf58e/fast"
make[1]: se entra en el directorio '/home/a/NAUDIT/pruebas/dependencies/netlib/build/CMakeFiles/CMakeTmp'
/usr/bin/make -f CMakeFiles/cmTC_bf58e.dir/build.make CMakeFiles/cmTC_bf58e.dir/build
make[2]: se entra en el directorio '/home/a/NAUDIT/pruebas/dependencies/netlib/build/CMakeFiles/CMakeTmp'
Building C object CMakeFiles/cmTC_bf58e.dir/CheckFunctionExists.c.o
/usr/bin/cc    -DCHECK_FUNCTION_EXISTS=strndup -fPIE   -o CMakeFiles/cmTC_bf58e.dir/CheckFunctionExists.c.o   -c /usr/share/cmake-3.5/Modules/CheckFunctionExists.c
<command-line>:0:23: warning: conflicting types for built-in function ‘strndup’
/usr/share/cmake-3.5/Modules/CheckFunctionExists.c:6:6: note: in expansion of macro ‘CHECK_FUNCTION_EXISTS’
 char CHECK_FUNCTION_EXISTS();
      ^
Linking C executable cmTC_bf58e
/usr/bin/cmake -E cmake_link_script CMakeFiles/cmTC_bf58e.dir/link.txt --verbose=1
/usr/bin/cc   -DCHECK_FUNCTION_EXISTS=strndup    CMakeFiles/cmTC_bf58e.dir/CheckFunctionExists.c.o  -o cmTC_bf58e -rdynamic 
make[2]: se sale del directorio '/home/a/NAUDIT/pruebas/dependencies/netlib/build/CMakeFiles/CMakeTmp'
make[1]: se sale del directorio '/home/a/NAUDIT/pruebas/dependencies/netlib/build/CMakeFiles/CMakeTmp'


Determining if the function strnlen exists passed with the following output:
Change Dir: /home/a/NAUDIT/pruebas/dependencies/netlib/build/CMakeFiles/CMakeTmp

Run Build Command:"/usr/bin/make" "cmTC_445df/fast"
make[1]: se entra en el directorio '/home/a/NAUDIT/pruebas/dependencies/netlib/build/CMakeFiles/CMakeTmp'
/usr/bin/make -f CMakeFiles/cmTC_445df.dir/build.make CMakeFiles/cmTC_445df.dir/build
make[2]: se entra en el directorio '/home/a/NAUDIT/pruebas/dependencies/netlib/build/CMakeFiles/CMakeTmp'
Building C object CMakeFiles/cmTC_445df.dir/CheckFunctionExists.c.o
/usr/bin/cc    -DCHECK_FUNCTION_EXISTS=strnlen -fPIE   -o CMakeFiles/cmTC_445df.dir/CheckFunctionExists.c.o   -c /usr/share/cmake-3.5/Modules/CheckFunctionExists.c
Linking C executable cmTC_445df
/usr/bin/cmake -E cmake_link_script CMakeFiles/cmTC_445df.dir/link.txt --verbose=1
/usr/bin/cc   -DCHECK_FUNCTION_EXISTS=strnlen    CMakeFiles/cmTC_445df.dir/CheckFunctionExists.c.o  -o cmTC_445df -rdynamic 
make[2]: se sale del directorio '/home/a/NAUDIT/pruebas/dependencies/netlib/build/CMakeFiles/CMakeTmp'
make[1]: se sale del directorio '/home/a/NAUDIT/pruebas/dependencies/netlib/build/CMakeFiles/CMakeTmp'


Determining if the function strsep exists passed with the following output:
Change Dir: /home/a/NAUDIT/pruebas/dependencies/netlib/build/CMakeFiles/CMakeTmp

Run Build Command:"/usr/bin/make" "cmTC_fad6a/fast"
make[1]: se entra en el directorio '/home/a/NAUDIT/pruebas/dependencies/netlib/build/CMakeFiles/CMakeTmp'
/usr/bin/make -f CMakeFiles/cmTC_fad6a.dir/build.make CMakeFiles/cmTC_fad6a.dir/build
make[2]: se entra en el directorio '/home/a/NAUDIT/pruebas/dependencies/netlib/build/CMakeFiles/CMakeTmp'
Building C object CMakeFiles/cmTC_fad6a.dir/CheckFunctionExists.c.o
/usr/bin/cc    -DCHECK_FUNCTION_EXISTS=strsep -fPIE   -o CMakeFiles/cmTC_fad6a.dir/CheckFunctionExists.c.o   -c /usr/share/cmake-3.5/Modules/CheckFunctionExists.c
Linking C executable cmTC_fad6a
/usr/bin/cmake -E cmake_link_script CMakeFiles/cmTC_fad6a.dir/link.txt --verbose=1
/usr/bin/cc   -DCHECK_FUNCTION_EXISTS=strsep    CMakeFiles/cmTC_fad6a.dir/CheckFunctionExists.c.o  -o cmTC_fad6a -rdynamic 
make[2]: se sale del directorio '/home/a/NAUDIT/pruebas/dependencies/netlib/build/CMakeFiles/CMakeTmp'
make[1]: se sale del directorio '/home/a/NAUDIT/pruebas/dependencies/netlib/build/CMakeFiles/CMakeTmp'


Determining if the function timegm exists passed with the following output:
Change Dir: /home/a/NAUDIT/pruebas/dependencies/netlib/build/CMakeFiles/CMakeTmp

Run Build Command:"/usr/bin/make" "cmTC_eb63b/fast"
make[1]: se entra en el directorio '/home/a/NAUDIT/pruebas/dependencies/netlib/build/CMakeFiles/CMakeTmp'
/usr/bin/make -f CMakeFiles/cmTC_eb63b.dir/build.make CMakeFiles/cmTC_eb63b.dir/build
make[2]: se entra en el directorio '/home/a/NAUDIT/pruebas/dependencies/netlib/build/CMakeFiles/CMakeTmp'
Building C object CMakeFiles/cmTC_eb63b.dir/CheckFunctionExists.c.o
/usr/bin/cc    -DCHECK_FUNCTION_EXISTS=timegm -fPIE   -o CMakeFiles/cmTC_eb63b.dir/CheckFunctionExists.c.o   -c /usr/share/cmake-3.5/Modules/CheckFunctionExists.c
Linking C executable cmTC_eb63b
/usr/bin/cmake -E cmake_link_script CMakeFiles/cmTC_eb63b.dir/link.txt --verbose=1
/usr/bin/cc   -DCHECK_FUNCTION_EXISTS=timegm    CMakeFiles/cmTC_eb63b.dir/CheckFunctionExists.c.o  -o cmTC_eb63b -rdynamic 
make[2]: se sale del directorio '/home/a/NAUDIT/pruebas/dependencies/netlib/build/CMakeFiles/CMakeTmp'
make[1]: se sale del directorio '/home/a/NAUDIT/pruebas/dependencies/netlib/build/CMakeFiles/CMakeTmp'


Determining if the function getauxval exists passed with the following output:
Change Dir: /home/a/NAUDIT/pruebas/dependencies/netlib/build/CMakeFiles/CMakeTmp

Run Build Command:"/usr/bin/make" "cmTC_dbcb3/fast"
make[1]: se entra en el directorio '/home/a/NAUDIT/pruebas/dependencies/netlib/build/CMakeFiles/CMakeTmp'
/usr/bin/make -f CMakeFiles/cmTC_dbcb3.dir/build.make CMakeFiles/cmTC_dbcb3.dir/build
make[2]: se entra en el directorio '/home/a/NAUDIT/pruebas/dependencies/netlib/build/CMakeFiles/CMakeTmp'
Building C object CMakeFiles/cmTC_dbcb3.dir/CheckFunctionExists.c.o
/usr/bin/cc    -DCHECK_FUNCTION_EXISTS=getauxval -fPIE   -o CMakeFiles/cmTC_dbcb3.dir/CheckFunctionExists.c.o   -c /usr/share/cmake-3.5/Modules/CheckFunctionExists.c
Linking C executable cmTC_dbcb3
/usr/bin/cmake -E cmake_link_script CMakeFiles/cmTC_dbcb3.dir/link.txt --verbose=1
/usr/bin/cc   -DCHECK_FUNCTION_EXISTS=getauxval    CMakeFiles/cmTC_dbcb3.dir/CheckFunctionExists.c.o  -o cmTC_dbcb3 -rdynamic 
make[2]: se sale del directorio '/home/a/NAUDIT/pruebas/dependencies/netlib/build/CMakeFiles/CMakeTmp'
make[1]: se sale del directorio '/home/a/NAUDIT/pruebas/dependencies/netlib/build/CMakeFiles/CMakeTmp'


Determining if the function getpagesize exists passed with the following output:
Change Dir: /home/a/NAUDIT/pruebas/dependencies/netlib/build/CMakeFiles/CMakeTmp

Run Build Command:"/usr/bin/make" "cmTC_8dc65/fast"
make[1]: se entra en el directorio '/home/a/NAUDIT/pruebas/dependencies/netlib/build/CMakeFiles/CMakeTmp'
/usr/bin/make -f CMakeFiles/cmTC_8dc65.dir/build.make CMakeFiles/cmTC_8dc65.dir/build
make[2]: se entra en el directorio '/home/a/NAUDIT/pruebas/dependencies/netlib/build/CMakeFiles/CMakeTmp'
Building C object CMakeFiles/cmTC_8dc65.dir/CheckFunctionExists.c.o
/usr/bin/cc    -DCHECK_FUNCTION_EXISTS=getpagesize -fPIE   -o CMakeFiles/cmTC_8dc65.dir/CheckFunctionExists.c.o   -c /usr/share/cmake-3.5/Modules/CheckFunctionExists.c
Linking C executable cmTC_8dc65
/usr/bin/cmake -E cmake_link_script CMakeFiles/cmTC_8dc65.dir/link.txt --verbose=1
/usr/bin/cc   -DCHECK_FUNCTION_EXISTS=getpagesize    CMakeFiles/cmTC_8dc65.dir/CheckFunctionExists.c.o  -o cmTC_8dc65 -rdynamic 
make[2]: se sale del directorio '/home/a/NAUDIT/pruebas/dependencies/netlib/build/CMakeFiles/CMakeTmp'
make[1]: se sale del directorio '/home/a/NAUDIT/pruebas/dependencies/netlib/build/CMakeFiles/CMakeTmp'


Determining if the function memmem exists passed with the following output:
Change Dir: /home/a/NAUDIT/pruebas/dependencies/netlib/build/CMakeFiles/CMakeTmp

Run Build Command:"/usr/bin/make" "cmTC_0cb72/fast"
make[1]: se entra en el directorio '/home/a/NAUDIT/pruebas/dependencies/netlib/build/CMakeFiles/CMakeTmp'
/usr/bin/make -f CMakeFiles/cmTC_0cb72.dir/build.make CMakeFiles/cmTC_0cb72.dir/build
make[2]: se entra en el directorio '/home/a/NAUDIT/pruebas/dependencies/netlib/build/CMakeFiles/CMakeTmp'
Building C object CMakeFiles/cmTC_0cb72.dir/CheckFunctionExists.c.o
/usr/bin/cc    -DCHECK_FUNCTION_EXISTS=memmem -fPIE   -o CMakeFiles/cmTC_0cb72.dir/CheckFunctionExists.c.o   -c /usr/share/cmake-3.5/Modules/CheckFunctionExists.c
Linking C executable cmTC_0cb72
/usr/bin/cmake -E cmake_link_script CMakeFiles/cmTC_0cb72.dir/link.txt --verbose=1
/usr/bin/cc   -DCHECK_FUNCTION_EXISTS=memmem    CMakeFiles/cmTC_0cb72.dir/CheckFunctionExists.c.o  -o cmTC_0cb72 -rdynamic 
make[2]: se sale del directorio '/home/a/NAUDIT/pruebas/dependencies/netlib/build/CMakeFiles/CMakeTmp'
make[1]: se sale del directorio '/home/a/NAUDIT/pruebas/dependencies/netlib/build/CMakeFiles/CMakeTmp'


Determining if files err.h exist passed with the following output:
Change Dir: /home/a/NAUDIT/pruebas/dependencies/netlib/build/CMakeFiles/CMakeTmp

Run Build Command:"/usr/bin/make" "cmTC_06ca1/fast"
make[1]: se entra en el directorio '/home/a/NAUDIT/pruebas/dependencies/netlib/build/CMakeFiles/CMakeTmp'
/usr/bin/make -f CMakeFiles/cmTC_06ca1.dir/build.make CMakeFiles/cmTC_06ca1.dir/build
make[2]: se entra en el directorio '/home/a/NAUDIT/pruebas/dependencies/netlib/build/CMakeFiles/CMakeTmp'
Building C object CMakeFiles/cmTC_06ca1.dir/CheckIncludeFiles.c.o
/usr/bin/cc    -fPIE   -o CMakeFiles/cmTC_06ca1.dir/CheckIncludeFiles.c.o   -c /home/a/NAUDIT/pruebas/dependencies/netlib/build/CMakeFiles/CMakeTmp/CheckIncludeFiles.c
Linking C executable cmTC_06ca1
/usr/bin/cmake -E cmake_link_script CMakeFiles/cmTC_06ca1.dir/link.txt --verbose=1
/usr/bin/cc       CMakeFiles/cmTC_06ca1.dir/CheckIncludeFiles.c.o  -o cmTC_06ca1 -rdynamic 
make[2]: se sale del directorio '/home/a/NAUDIT/pruebas/dependencies/netlib/build/CMakeFiles/CMakeTmp'
make[1]: se sale del directorio '/home/a/NAUDIT/pruebas/dependencies/netlib/build/CMakeFiles/CMakeTmp'


Determining if the function clock_gettime exists in the rt passed with the following output:
Change Dir: /home/a/NAUDIT/pruebas/dependencies/netlib/build/CMakeFiles/CMakeTmp

Run Build Command:"/usr/bin/make" "cmTC_8d6b4/fast"
make[1]: se entra en el directorio '/home/a/NAUDIT/pruebas/dependencies/netlib/build/CMakeFiles/CMakeTmp'
/usr/bin/make -f CMakeFiles/cmTC_8d6b4.dir/build.make CMakeFiles/cmTC_8d6b4.dir/build
make[2]: se entra en el directorio '/home/a/NAUDIT/pruebas/dependencies/netlib/build/CMakeFiles/CMakeTmp'
Building C object CMakeFiles/cmTC_8d6b4.dir/CheckFunctionExists.c.o
/usr/bin/cc    -DCHECK_FUNCTION_EXISTS=clock_gettime -fPIE   -o CMakeFiles/cmTC_8d6b4.dir/CheckFunctionExists.c.o   -c /usr/share/cmake-3.5/Modules/CheckFunctionExists.c
Linking C executable cmTC_8d6b4
/usr/bin/cmake -E cmake_link_script CMakeFiles/cmTC_8d6b4.dir/link.txt --verbose=1
/usr/bin/cc   -DCHECK_FUNCTION_EXISTS=clock_gettime    CMakeFiles/cmTC_8d6b4.dir/CheckFunctionExists.c.o  -o cmTC_8d6b4  -L/home/a/NAUDIT/pruebas/dependencies/netlib/build/CMakeFiles/CMakeTmp/time.h -rdynamic -lrt -Wl,-rpath,/home/a/NAUDIT/pruebas/dependencies/netlib/build/CMakeFiles/CMakeTmp/time.h 
make[2]: se sale del directorio '/home/a/NAUDIT/pruebas/dependencies/netlib/build/CMakeFiles/CMakeTmp'
make[1]: se sale del directorio '/home/a/NAUDIT/pruebas/dependencies/netlib/build/CMakeFiles/CMakeTmp'


Determining if the include file sys/types.h exists passed with the following output:
Change Dir: /home/a/NAUDIT/pruebas/dependencies/netlib/build/CMakeFiles/CMakeTmp

Run Build Command:"/usr/bin/make" "cmTC_098b4/fast"
make[1]: se entra en el directorio '/home/a/NAUDIT/pruebas/dependencies/netlib/build/CMakeFiles/CMakeTmp'
/usr/bin/make -f CMakeFiles/cmTC_098b4.dir/build.make CMakeFiles/cmTC_098b4.dir/build
make[2]: se entra en el directorio '/home/a/NAUDIT/pruebas/dependencies/netlib/build/CMakeFiles/CMakeTmp'
Building C object CMakeFiles/cmTC_098b4.dir/CheckIncludeFile.c.o
/usr/bin/cc    -fPIE   -o CMakeFiles/cmTC_098b4.dir/CheckIncludeFile.c.o   -c /home/a/NAUDIT/pruebas/dependencies/netlib/build/CMakeFiles/CMakeTmp/CheckIncludeFile.c
Linking C executable cmTC_098b4
/usr/bin/cmake -E cmake_link_script CMakeFiles/cmTC_098b4.dir/link.txt --verbose=1
/usr/bin/cc       CMakeFiles/cmTC_098b4.dir/CheckIncludeFile.c.o  -o cmTC_098b4 -rdynamic 
make[2]: se sale del directorio '/home/a/NAUDIT/pruebas/dependencies/netlib/build/CMakeFiles/CMakeTmp'
make[1]: se sale del directorio '/home/a/NAUDIT/pruebas/dependencies/netlib/build/CMakeFiles/CMakeTmp'


Determining if the include file stdint.h exists passed with the following output:
Change Dir: /home/a/NAUDIT/pruebas/dependencies/netlib/build/CMakeFiles/CMakeTmp

Run Build Command:"/usr/bin/make" "cmTC_ee2e4/fast"
make[1]: se entra en el directorio '/home/a/NAUDIT/pruebas/dependencies/netlib/build/CMakeFiles/CMakeTmp'
/usr/bin/make -f CMakeFiles/cmTC_ee2e4.dir/build.make CMakeFiles/cmTC_ee2e4.dir/build
make[2]: se entra en el directorio '/home/a/NAUDIT/pruebas/dependencies/netlib/build/CMakeFiles/CMakeTmp'
Building C object CMakeFiles/cmTC_ee2e4.dir/CheckIncludeFile.c.o
/usr/bin/cc    -fPIE   -o CMakeFiles/cmTC_ee2e4.dir/CheckIncludeFile.c.o   -c /home/a/NAUDIT/pruebas/dependencies/netlib/build/CMakeFiles/CMakeTmp/CheckIncludeFile.c
Linking C executable cmTC_ee2e4
/usr/bin/cmake -E cmake_link_script CMakeFiles/cmTC_ee2e4.dir/link.txt --verbose=1
/usr/bin/cc       CMakeFiles/cmTC_ee2e4.dir/CheckIncludeFile.c.o  -o cmTC_ee2e4 -rdynamic 
make[2]: se sale del directorio '/home/a/NAUDIT/pruebas/dependencies/netlib/build/CMakeFiles/CMakeTmp'
make[1]: se sale del directorio '/home/a/NAUDIT/pruebas/dependencies/netlib/build/CMakeFiles/CMakeTmp'


Determining if the include file stddef.h exists passed with the following output:
Change Dir: /home/a/NAUDIT/pruebas/dependencies/netlib/build/CMakeFiles/CMakeTmp

Run Build Command:"/usr/bin/make" "cmTC_db49a/fast"
make[1]: se entra en el directorio '/home/a/NAUDIT/pruebas/dependencies/netlib/build/CMakeFiles/CMakeTmp'
/usr/bin/make -f CMakeFiles/cmTC_db49a.dir/build.make CMakeFiles/cmTC_db49a.dir/build
make[2]: se entra en el directorio '/home/a/NAUDIT/pruebas/dependencies/netlib/build/CMakeFiles/CMakeTmp'
Building C object CMakeFiles/cmTC_db49a.dir/CheckIncludeFile.c.o
/usr/bin/cc    -fPIE   -o CMakeFiles/cmTC_db49a.dir/CheckIncludeFile.c.o   -c /home/a/NAUDIT/pruebas/dependencies/netlib/build/CMakeFiles/CMakeTmp/CheckIncludeFile.c
Linking C executable cmTC_db49a
/usr/bin/cmake -E cmake_link_script CMakeFiles/cmTC_db49a.dir/link.txt --verbose=1
/usr/bin/cc       CMakeFiles/cmTC_db49a.dir/CheckIncludeFile.c.o  -o cmTC_db49a -rdynamic 
make[2]: se sale del directorio '/home/a/NAUDIT/pruebas/dependencies/netlib/build/CMakeFiles/CMakeTmp'
make[1]: se sale del directorio '/home/a/NAUDIT/pruebas/dependencies/netlib/build/CMakeFiles/CMakeTmp'


Determining size of time_t passed with the following output:
Change Dir: /home/a/NAUDIT/pruebas/dependencies/netlib/build/CMakeFiles/CMakeTmp

Run Build Command:"/usr/bin/make" "cmTC_63aac/fast"
make[1]: se entra en el directorio '/home/a/NAUDIT/pruebas/dependencies/netlib/build/CMakeFiles/CMakeTmp'
/usr/bin/make -f CMakeFiles/cmTC_63aac.dir/build.make CMakeFiles/cmTC_63aac.dir/build
make[2]: se entra en el directorio '/home/a/NAUDIT/pruebas/dependencies/netlib/build/CMakeFiles/CMakeTmp'
Building C object CMakeFiles/cmTC_63aac.dir/SIZEOF_TIME_T.c.o
/usr/bin/cc    -fPIE   -o CMakeFiles/cmTC_63aac.dir/SIZEOF_TIME_T.c.o   -c /home/a/NAUDIT/pruebas/dependencies/netlib/build/CMakeFiles/CheckTypeSize/SIZEOF_TIME_T.c
Linking C executable cmTC_63aac
/usr/bin/cmake -E cmake_link_script CMakeFiles/cmTC_63aac.dir/link.txt --verbose=1
/usr/bin/cc       CMakeFiles/cmTC_63aac.dir/SIZEOF_TIME_T.c.o  -o cmTC_63aac -rdynamic 
make[2]: se sale del directorio '/home/a/NAUDIT/pruebas/dependencies/netlib/build/CMakeFiles/CMakeTmp'
make[1]: se sale del directorio '/home/a/NAUDIT/pruebas/dependencies/netlib/build/CMakeFiles/CMakeTmp'


Determining if the function inet_ntop exists passed with the following output:
Change Dir: /home/a/NAUDIT/pruebas/dependencies/netlib/build/CMakeFiles/CMakeTmp

Run Build Command:"/usr/bin/make" "cmTC_1119d/fast"
make[1]: se entra en el directorio '/home/a/NAUDIT/pruebas/dependencies/netlib/build/CMakeFiles/CMakeTmp'
/usr/bin/make -f CMakeFiles/cmTC_1119d.dir/build.make CMakeFiles/cmTC_1119d.dir/build
make[2]: se entra en el directorio '/home/a/NAUDIT/pruebas/dependencies/netlib/build/CMakeFiles/CMakeTmp'
Building C object CMakeFiles/cmTC_1119d.dir/CheckFunctionExists.c.o
/usr/bin/cc    -DCHECK_FUNCTION_EXISTS=inet_ntop -fPIE   -o CMakeFiles/cmTC_1119d.dir/CheckFunctionExists.c.o   -c /usr/share/cmake-3.5/Modules/CheckFunctionExists.c
Linking C executable cmTC_1119d
/usr/bin/cmake -E cmake_link_script CMakeFiles/cmTC_1119d.dir/link.txt --verbose=1
/usr/bin/cc   -DCHECK_FUNCTION_EXISTS=inet_ntop    CMakeFiles/cmTC_1119d.dir/CheckFunctionExists.c.o  -o cmTC_1119d -rdynamic 
make[2]: se sale del directorio '/home/a/NAUDIT/pruebas/dependencies/netlib/build/CMakeFiles/CMakeTmp'
make[1]: se sale del directorio '/home/a/NAUDIT/pruebas/dependencies/netlib/build/CMakeFiles/CMakeTmp'


Determining if the function accept4 exists passed with the following output:
Change Dir: /home/a/NAUDIT/pruebas/dependencies/netlib/build/CMakeFiles/CMakeTmp

Run Build Command:"/usr/bin/make" "cmTC_8fe46/fast"
make[1]: se entra en el directorio '/home/a/NAUDIT/pruebas/dependencies/netlib/build/CMakeFiles/CMakeTmp'
/usr/bin/make -f CMakeFiles/cmTC_8fe46.dir/build.make CMakeFiles/cmTC_8fe46.dir/build
make[2]: se entra en el directorio '/home/a/NAUDIT/pruebas/dependencies/netlib/build/CMakeFiles/CMakeTmp'
Building C object CMakeFiles/cmTC_8fe46.dir/CheckFunctionExists.c.o
/usr/bin/cc    -DCHECK_FUNCTION_EXISTS=accept4 -fPIE   -o CMakeFiles/cmTC_8fe46.dir/CheckFunctionExists.c.o   -c /usr/share/cmake-3.5/Modules/CheckFunctionExists.c
Linking C executable cmTC_8fe46
/usr/bin/cmake -E cmake_link_script CMakeFiles/cmTC_8fe46.dir/link.txt --verbose=1
/usr/bin/cc   -DCHECK_FUNCTION_EXISTS=accept4    CMakeFiles/cmTC_8fe46.dir/CheckFunctionExists.c.o  -o cmTC_8fe46 -rdynamic 
make[2]: se sale del directorio '/home/a/NAUDIT/pruebas/dependencies/netlib/build/CMakeFiles/CMakeTmp'
make[1]: se sale del directorio '/home/a/NAUDIT/pruebas/dependencies/netlib/build/CMakeFiles/CMakeTmp'


Determining if the function pipe2 exists passed with the following output:
Change Dir: /home/a/NAUDIT/pruebas/dependencies/netlib/build/CMakeFiles/CMakeTmp

Run Build Command:"/usr/bin/make" "cmTC_46bb8/fast"
make[1]: se entra en el directorio '/home/a/NAUDIT/pruebas/dependencies/netlib/build/CMakeFiles/CMakeTmp'
/usr/bin/make -f CMakeFiles/cmTC_46bb8.dir/build.make CMakeFiles/cmTC_46bb8.dir/build
make[2]: se entra en el directorio '/home/a/NAUDIT/pruebas/dependencies/netlib/build/CMakeFiles/CMakeTmp'
Building C object CMakeFiles/cmTC_46bb8.dir/CheckFunctionExists.c.o
/usr/bin/cc    -DCHECK_FUNCTION_EXISTS=pipe2 -fPIE   -o CMakeFiles/cmTC_46bb8.dir/CheckFunctionExists.c.o   -c /usr/share/cmake-3.5/Modules/CheckFunctionExists.c
Linking C executable cmTC_46bb8
/usr/bin/cmake -E cmake_link_script CMakeFiles/cmTC_46bb8.dir/link.txt --verbose=1
/usr/bin/cc   -DCHECK_FUNCTION_EXISTS=pipe2    CMakeFiles/cmTC_46bb8.dir/CheckFunctionExists.c.o  -o cmTC_46bb8 -rdynamic 
make[2]: se sale del directorio '/home/a/NAUDIT/pruebas/dependencies/netlib/build/CMakeFiles/CMakeTmp'
make[1]: se sale del directorio '/home/a/NAUDIT/pruebas/dependencies/netlib/build/CMakeFiles/CMakeTmp'


